<?xml version="1.0" encoding="UTF-8"?>
<testsuite name="test.TestPageTesting" tests="1" skipped="0" failures="0" errors="0" timestamp="2020-01-09T15:33:41" hostname="PSOFKA0257" time="54.525">
  <properties/>
  <testcase name="testSelectableInteraction" classname="test.TestPageTesting" time="54.525"/>
  <system-out><![CDATA[]]></system-out>
  <system-err><![CDATA[Starting ChromeDriver 78.0.3904.105 (60e2d8774a8151efa6a00b1f358371b1e0e07ee2-refs/branch-heads/3904@{#877}) on port 2179
Only local connections are allowed.
Please protect ports used by ChromeDriver and related test frameworks to prevent access by malicious code.
[1578584023.039][WARNING]: This version of ChromeDriver has not been tested with Chrome version 79.
[1578584025.050][WARNING]: Timed out connecting to Chrome, retrying...
ene 09, 2020 10:33:47 AM org.openqa.selenium.remote.ProtocolHandshake createSession
INFORMACIÓN: Detected dialect: W3C
[1578584030.562][WARNING]: Timed out connecting to Chrome, retrying...
]]></system-err>
</testsuite>
